
Log for 'fba' Clone_1 (V12.10.0.0) Tue Nov 18 17:15:32 2025

Tried aggregator 1 time.
LP Presolve eliminated 1796 rows and 2864 columns.
Aggregator did 1167 substitutions.
Reduced LP has 1297 rows, 3007 columns, and 13291 nonzeros.
Presolve time = 0.01 sec. (18.02 ticks)
Parallel mode: using up to 10 threads for barrier.

***NOTE: Found 2 dense columns.

Number of nonzeros in lower triangle of A*A' = 11715
Using Approximate Minimum Degree ordering
Total time for automatic ordering = 0.00 sec. (2.77 ticks)
Summary statistics for Cholesky factor:
  Threads                   = 10
  Rows in Factor            = 1299
  Integer space required    = 6615
  Total non-zeros in factor = 30631
  Total FP ops to factor    = 1116205
 Itn      Primal Obj        Dual Obj  Prim Inf Upper Inf  Dual Inf Inf Ratio
   0  -5.0460746e+01  -3.7331128e+05  3.69e+05  1.24e+05  1.22e+02  1.00e+00
   1  -2.0124139e+01  -1.2766324e+05  1.83e+05  6.18e+04  4.17e+01  8.51e-02
   2  -9.6067772e-01  -5.2950742e+04  9.69e+04  3.27e+04  1.73e+01  1.09e-01
   3  -3.6015719e+00  -3.7136244e+04  7.69e+04  2.59e+04  1.21e+01  1.41e-01
   4  -1.5324367e+00  -1.7628252e+04  3.32e+04  1.12e+04  5.76e+00  2.88e-01
   5  -6.8617129e-01  -1.1236459e+04  1.71e+04  5.76e+03  3.67e+00  4.44e-01
   6  -3.3594455e-01  -6.6095152e+03  9.18e+03  3.10e+03  2.16e+00  7.24e-01
   7  -1.2551298e-01  -3.4078526e+03  4.07e+03  1.37e+03  1.11e+00  1.37e+00
   8  -5.4224645e-02  -1.6322650e+03  1.51e+03  5.09e+02  5.34e-01  2.98e+00
   9  -2.4252059e-02  -8.5291655e+02  5.41e+02  1.83e+02  2.79e-01  5.85e+00
  10  -1.6148335e-02  -4.9329055e+02  2.27e+02  7.66e+01  1.61e-01  1.03e+01
  11  -7.5890663e-03  -1.4855849e+02  5.62e+01  1.90e+01  4.86e-02  3.48e+01
  12  -8.2623016e-03  -2.0946954e+01  6.31e+00  2.13e+00  6.85e-03  2.48e+02
  13  -6.0516518e-02  -1.3449483e+01  2.55e+00  8.60e-01  4.38e-03  3.93e+02
  14  -3.8249158e-01  -1.2079040e+01  2.24e+00  7.54e-01  3.83e-03  4.52e+02
  15  -7.5672866e-01  -9.3558702e+00  1.38e+00  4.66e-01  2.85e-03  6.09e+02
  16  -9.5271379e-01  -7.8664041e+00  7.83e-01  2.64e-01  2.33e-03  7.47e+02
  17  -1.0131117e+00  -4.7000372e+00  5.53e-01  1.86e-01  1.23e-03  1.45e+03
  18  -1.1483043e+00  -2.6104915e+00  2.12e-01  7.13e-02  4.90e-04  3.76e+03
  19  -1.2435795e+00  -1.5328041e+00  4.68e-02  1.58e-02  9.58e-05  1.94e+04
 Barrier aborted.
Barrier time = 0.04 sec. (24.13 ticks)

Dual simplex solved model.


Log for 'fba' Clone_1 (V12.10.0.0) Tue Nov 18 17:18:57 2025

Tried aggregator 1 time.
LP Presolve eliminated 1843 rows and 3010 columns.
Aggregator did 1160 substitutions.
Reduced LP has 1257 rows, 2963 columns, and 14123 nonzeros.
Presolve time = 0.02 sec. (18.91 ticks)
Parallel mode: using up to 10 threads for barrier.
Number of nonzeros in lower triangle of A*A' = 13097
Using Approximate Minimum Degree ordering
Total time for automatic ordering = 0.00 sec. (3.06 ticks)
Summary statistics for Cholesky factor:
  Threads                   = 10
  Rows in Factor            = 1257
  Integer space required    = 6657
  Total non-zeros in factor = 31317
  Total FP ops to factor    = 1167709
 Itn      Primal Obj        Dual Obj  Prim Inf Upper Inf  Dual Inf Inf Ratio
   0   0.0000000e+00  -1.8311147e+05  4.00e+05  1.81e+05  5.40e+01  1.00e+00
   1   0.0000000e+00  -4.7437748e+04  1.82e+05  8.24e+04  1.40e+01  1.40e-01
   2   0.0000000e+00  -1.6935535e+04  6.36e+04  2.88e+04  5.00e+00  2.45e-01
   3   0.0000000e+00  -7.0249664e+03  2.43e+04  1.10e+04  2.07e+00  5.71e-01
   4   0.0000000e+00  -5.3033906e+03  1.38e+04  6.24e+03  1.56e+00  7.55e-01
   5   0.0000000e+00  -3.8837842e+03  9.22e+03  4.18e+03  1.15e+00  1.01e+00
   6   0.0000000e+00  -2.1769723e+03  5.76e+03  2.61e+03  6.42e-01  1.80e+00
   7   0.0000000e+00  -1.0256998e+03  3.87e+03  1.75e+03  3.03e-01  3.86e+00
   8   0.0000000e+00  -4.8997699e+02  2.41e+03  1.09e+03  1.45e-01  8.10e+00
   9   0.0000000e+00  -2.5410989e+02  6.92e+02  3.13e+02  7.50e-02  1.64e+01
  10   0.0000000e+00  -1.5134885e+02  4.25e+02  1.92e+02  4.46e-02  2.71e+01
  11   0.0000000e+00  -8.0186806e+01  1.72e+02  7.80e+01  2.37e-02  4.91e+01
Barrier time = 0.03 sec. (13.62 ticks)

Dual simplex solved model.


Log for 'fba' Clone_1 (V12.10.0.0) Tue Nov 18 17:18:57 2025

Tried aggregator 1 time.
LP Presolve eliminated 1797 rows and 2959 columns.
Aggregator did 1172 substitutions.
Reduced LP has 1291 rows, 3002 columns, and 14521 nonzeros.
Presolve time = 0.02 sec. (19.44 ticks)
Parallel mode: using up to 10 threads for barrier.

***NOTE: Found 2 dense columns.

Number of nonzeros in lower triangle of A*A' = 13366
Using Approximate Minimum Degree ordering
Total time for automatic ordering = 0.00 sec. (3.20 ticks)
Summary statistics for Cholesky factor:
  Threads                   = 10
  Rows in Factor            = 1293
  Integer space required    = 7003
  Total non-zeros in factor = 32766
  Total FP ops to factor    = 1247796
 Itn      Primal Obj        Dual Obj  Prim Inf Upper Inf  Dual Inf Inf Ratio
   0  -7.7449340e+01  -3.7087795e+05  5.78e+05  2.83e+05  1.24e+02  1.00e+00
   1  -3.7018265e+01  -1.2371335e+05  2.94e+05  1.44e+05  4.14e+01  5.20e-02
   2  -1.5515276e+00  -3.3867907e+04  1.12e+05  5.50e+04  1.13e+01  1.31e-01
   3  -3.0465196e+00  -1.8616032e+04  6.00e+04  2.94e+04  6.23e+00  2.14e-01
   4  -1.8446091e+00  -9.9991128e+03  3.29e+04  1.61e+04  3.34e+00  3.94e-01
   5  -1.0407239e+00  -6.4079731e+03  2.00e+04  9.81e+03  2.14e+00  6.14e-01
   6  -3.9675089e-01  -3.8748283e+03  8.83e+03  4.32e+03  1.30e+00  1.04e+00
   7  -1.7713807e-01  -2.1429664e+03  4.49e+03  2.20e+03  7.17e-01  1.92e+00
   8  -4.9873246e-02  -1.1922479e+03  1.62e+03  7.92e+02  3.99e-01  3.60e+00
   9  -2.7185540e-02  -3.7618630e+02  6.37e+02  3.12e+02  1.26e-01  1.22e+01
  10  -1.5339419e-02  -2.3180540e+02  1.65e+02  8.08e+01  7.75e-02  2.08e+01
  11  -1.3784866e-02  -4.1438108e+01  4.11e+01  2.01e+01  1.39e-02  1.22e+02
  12  -3.5885086e-02  -1.8102446e+01  4.27e+00  2.09e+00  6.05e-03  2.83e+02
  13  -4.7670665e-01  -1.7489891e+01  3.79e+00  1.86e+00  5.78e-03  2.96e+02
  14  -7.1591419e-01  -1.0805385e+01  2.82e+00  1.38e+00  3.38e-03  5.15e+02
  15  -8.3207682e-01  -1.0540990e+01  2.58e+00  1.26e+00  3.28e-03  5.31e+02
  16  -1.0367959e+00  -6.7290354e+00  1.78e+00  8.72e-01  1.90e-03  9.36e+02
  17  -1.3242946e+00  -5.0212170e+00  5.36e-01  2.62e-01  1.28e-03  1.39e+03
  18  -1.4285728e+00  -2.8886343e+00  1.53e-01  7.50e-02  5.13e-04  3.49e+03
  19  -1.4570360e+00  -1.9324004e+00  4.47e-02  2.19e-02  1.67e-04  1.07e+04
 Barrier aborted.
Barrier time = 0.05 sec. (25.02 ticks)

Dual simplex solved model.

