
Log for 'fba' Clone_2 (V12.10.0.0) Wed Nov 19 10:35:33 2025

Tried aggregator 1 time.
LP Presolve eliminated 742 rows and 990 columns.
Aggregator did 273 substitutions.
Reduced LP has 1157 rows, 14010 columns, and 60184 nonzeros.
Presolve time = 0.02 sec. (19.55 ticks)

Iteration log . . .
Iteration:     1    Infeasibility =       1807063.720445
Iteration:  1098    Infeasibility =        401434.370066
Iteration:  1274    Infeasibility =        340989.827459
Iteration:  1427    Infeasibility =        304547.010751
Iteration:  1559    Infeasibility =        280609.878633
Iteration:  1680    Infeasibility =        263626.372974
Iteration:  1792    Infeasibility =        249140.125868
Iteration:  1903    Infeasibility =        238037.419812
Iteration:  2034    Infeasibility =        226095.689669
Iteration:  2152    Infeasibility =        215909.038425
Iteration:  2266    Infeasibility =        206107.013965
Iteration:  2373    Infeasibility =        195370.929757
Iteration:  2479    Infeasibility =        189082.797729
Iteration:  2574    Infeasibility =        185498.591272
Iteration:  2671    Infeasibility =        179642.704523
Iteration:  2771    Infeasibility =        174294.854362
Iteration:  2869    Infeasibility =        170744.767420
Iteration:  2973    Infeasibility =        167147.163266
Iteration:  3078    Infeasibility =        163128.071730
Iteration:  3169    Infeasibility =        158753.195519
Iteration:  3279    Infeasibility =        155029.731364
Iteration:  3372    Infeasibility =        152350.117670
Iteration:  3471    Infeasibility =        148484.352549
Iteration:  3571    Infeasibility =        144866.084378
Iteration:  3665    Infeasibility =        142927.508499
Iteration:  3776    Infeasibility =        140223.578512
Iteration:  3887    Infeasibility =        136632.711888
Iteration:  3978    Infeasibility =        134099.167748
Iteration:  4086    Infeasibility =        130287.993920
Iteration:  4181    Infeasibility =        127101.034026
Iteration:  4277    Infeasibility =        124982.936613
Iteration:  4378    Infeasibility =        122481.939886
Iteration:  4475    Infeasibility =        120015.976807
Iteration:  4576    Infeasibility =        117251.503437
Iteration:  4689    Infeasibility =        114350.118394
Iteration:  4795    Infeasibility =        111639.152708
Iteration:  4897    Infeasibility =        109446.853355
Iteration:  5013    Infeasibility =        107085.557441
Iteration:  5107    Infeasibility =        104854.467964
Iteration:  5211    Infeasibility =        102845.432591
Iteration:  5314    Infeasibility =        101441.327447
Iteration:  5419    Infeasibility =         99873.124698
Iteration:  5513    Infeasibility =         98263.898409
Iteration:  5612    Infeasibility =         96556.161326
Iteration:  5712    Infeasibility =         95028.727131
Iteration:  5812    Infeasibility =         93134.679411
Iteration:  5913    Infeasibility =         91434.806055
Iteration:  6021    Infeasibility =         89571.221878
Iteration:  6126    Infeasibility =         87921.662364
Iteration:  6227    Infeasibility =         86106.198876
Iteration:  6322    Infeasibility =         84582.793629
Iteration:  6427    Infeasibility =         82947.350077
Iteration:  6524    Infeasibility =         81573.309307
Iteration:  6622    Infeasibility =         79937.776712
Iteration:  6725    Infeasibility =         78230.881906
Iteration:  6833    Infeasibility =         77033.196734
Iteration:  6938    Infeasibility =         75863.869983
Iteration:  7051    Infeasibility =         73977.872719
Iteration:  7149    Infeasibility =         72548.713302
Iteration:  7251    Infeasibility =         71408.351738
Iteration:  7345    Infeasibility =         69990.598594
Iteration:  7442    Infeasibility =         68803.291975
Iteration:  7546    Infeasibility =         67244.752202
Iteration:  7647    Infeasibility =         65829.019667
Iteration:  7750    Infeasibility =         64329.733727
Iteration:  7849    Infeasibility =         63516.787510
Iteration:  7946    Infeasibility =         61840.993497
Iteration:  8055    Infeasibility =         60507.020684
Iteration:  8158    Infeasibility =         58955.034543
Iteration:  8250    Infeasibility =         57846.081390
Iteration:  8345    Infeasibility =         56763.124999
Iteration:  8455    Infeasibility =         55264.974419
Iteration:  8554    Infeasibility =         54249.895483
Iteration:  8650    Infeasibility =         53298.456553
Iteration:  8749    Infeasibility =         52271.487346
Iteration:  8847    Infeasibility =         51372.612559
Iteration:  8949    Infeasibility =         49870.274171
Iteration:  9055    Infeasibility =         48760.993422
Iteration:  9162    Infeasibility =         47549.451154
Iteration:  9268    Infeasibility =         46433.247202
Iteration:  9366    Infeasibility =         45331.620206
Iteration:  9466    Infeasibility =         44252.953997
Iteration:  9564    Infeasibility =         42840.464355
Iteration:  9665    Infeasibility =         41572.372108
Iteration:  9768    Infeasibility =         40318.796429
Iteration:  9865    Infeasibility =         39493.686872
Iteration:  9956    Infeasibility =         38811.545396
Iteration: 10054    Infeasibility =         37676.503609
Iteration: 10160    Infeasibility =         36359.652356
Iteration: 10271    Infeasibility =         35325.836556
Iteration: 10371    Infeasibility =         34280.803043
Iteration: 10485    Infeasibility =         33391.170011
Iteration: 10597    Infeasibility =         32521.413293
Iteration: 10702    Infeasibility =         31399.964069
Iteration: 10799    Infeasibility =         30707.971760
Iteration: 10901    Infeasibility =         29762.073415
Iteration: 11011    Infeasibility =         29423.960068
Iteration: 11121    Infeasibility =         28685.254872
Iteration: 11241    Infeasibility =         27595.194131
Iteration: 11342    Infeasibility =         26816.272932
Iteration: 11450    Infeasibility =         25782.674980
Iteration: 11551    Infeasibility =         25143.012587
Iteration: 11652    Infeasibility =         23962.646922
Iteration: 11750    Infeasibility =         23163.088081
Iteration: 11850    Infeasibility =         22244.505898
Iteration: 11953    Infeasibility =         21105.337533
Iteration: 12043    Infeasibility =         20250.141832
Iteration: 12146    Infeasibility =         19370.228372
Iteration: 12247    Infeasibility =         18704.864500
Iteration: 12354    Infeasibility =         18093.114464
Iteration: 12446    Infeasibility =         17322.957973
Iteration: 12549    Infeasibility =         16432.011830
Iteration: 12648    Infeasibility =         15751.840262
Iteration: 12757    Infeasibility =         15068.651312
Iteration: 12863    Infeasibility =         14394.412240
Iteration: 12967    Infeasibility =         13407.840328
Iteration: 13067    Infeasibility =         12774.213298
Iteration: 13176    Infeasibility =         12087.554423
Iteration: 13271    Infeasibility =         11563.669048
Iteration: 13373    Infeasibility =         11113.750760
Iteration: 13470    Infeasibility =         10756.004461
Iteration: 13561    Infeasibility =         10365.442617
Iteration: 13654    Infeasibility =          9845.951886
Iteration: 13759    Infeasibility =          9414.631590
Iteration: 13868    Infeasibility =          8532.604794
Iteration: 13967    Infeasibility =          8232.438904
Iteration: 14068    Infeasibility =          7740.917560
Iteration: 14172    Infeasibility =          7459.753528
Iteration: 14279    Infeasibility =          7157.643095
Iteration: 14385    Infeasibility =          6820.683406
Iteration: 14502    Infeasibility =          6352.112494
Iteration: 14607    Infeasibility =          6044.590623
Iteration: 14701    Infeasibility =          5518.532705
Iteration: 14811    Infeasibility =          4977.287341
Iteration: 14909    Infeasibility =          4430.312146
Iteration: 15021    Infeasibility =          3521.289615
Iteration: 15119    Infeasibility =          3187.454254
Iteration: 15223    Infeasibility =          2725.813294
Iteration: 15331    Infeasibility =          2511.610693
Iteration: 15439    Infeasibility =          2175.728976
Iteration: 15549    Infeasibility =          1893.718112
Iteration: 15653    Infeasibility =          1691.802082
Iteration: 15766    Infeasibility =          1428.846340
Iteration: 15890    Infeasibility =          1280.301888
Iteration: 16004    Infeasibility =          1188.497283
Iteration: 16111    Infeasibility =           992.490559
Iteration: 16211    Infeasibility =           758.077820
Iteration: 16313    Infeasibility =           575.159118
Iteration: 16412    Infeasibility =           420.394053
Iteration: 16520    Infeasibility =           203.418576
Iteration: 16625    Infeasibility =            94.529504
Iteration: 16725    Infeasibility =            68.934876
Iteration: 16824    Infeasibility =            66.074162
Iteration: 16929    Infeasibility =            59.626051
Iteration: 17045    Infeasibility =            54.441177
Iteration: 17162    Infeasibility =            52.231195
Iteration: 17271    Infeasibility =            49.406395
Iteration: 17373    Infeasibility =            47.920977
Iteration: 17479    Infeasibility =            44.096543
Iteration: 17579    Infeasibility =            40.632425
Iteration: 17685    Infeasibility =            37.288289
Iteration: 17787    Infeasibility =            34.926124
Iteration: 17890    Infeasibility =            32.113428
Iteration: 17998    Infeasibility =            28.590098
Iteration: 18101    Infeasibility =            26.356180
Iteration: 18201    Infeasibility =            23.785891
Iteration: 18301    Infeasibility =            20.431793
Iteration: 18402    Infeasibility =            17.620653
Iteration: 18508    Infeasibility =            14.545195
Iteration: 18610    Infeasibility =            11.847294
Iteration: 18709    Infeasibility =             8.822487
Iteration: 18812    Infeasibility =             5.373992
Iteration: 18911    Infeasibility =             2.588697
Iteration: 19022    Infeasibility =             0.154393
Iteration: 19038    Objective     =             0.000000
Iteration: 19130    Objective     =            -0.000000
Iteration: 19229    Objective     =            -1.724548
Iteration: 19329    Objective     =            -4.588187
Iteration: 19425    Objective     =            -6.945123
Iteration: 19527    Objective     =            -9.511732
Iteration: 19623    Objective     =           -13.277924
Iteration: 19726    Objective     =           -15.101018
Iteration: 19831    Objective     =           -17.677573
Iteration: 19931    Objective     =           -18.963811
Iteration: 20028    Objective     =           -21.764671
Iteration: 20125    Objective     =           -23.833324
Iteration: 20221    Objective     =           -26.054436
Iteration: 20324    Objective     =           -28.678353
Iteration: 20431    Objective     =           -30.821554
Iteration: 20528    Objective     =           -33.835679
Iteration: 20628    Objective     =           -35.774805
Iteration: 20728    Objective     =           -37.741128
Iteration: 20827    Objective     =           -40.201411
Iteration: 20926    Objective     =           -42.107424
Iteration: 21023    Objective     =           -44.319631
Iteration: 21127    Objective     =           -46.672705
Iteration: 21231    Objective     =           -49.503774

Barrier solved model.

